/git/contrib/main/x11/wm/openbox/pspec.xml
/git/contrib/main/desktop/lxqt/lxqt-build-tools/pspec.xml
/git/contrib/main/desktop/lxqt/libqtxdg/pspec.xml
/git/contrib/main/desktop/lxqt/libsysstat/pspec.xml
/git/contrib/main/desktop/lxqt/liblxqt/pspec.xml
/git/contrib/main/desktop/lxqt/libfm-extra/pspec.xml
/git/contrib/main/desktop/lxqt/menu-cache/pspec.xml
/git/contrib/main/desktop/lxqt/libfm/pspec.xml
/git/contrib/main/desktop/lxqt/libfm-qt/pspec.xml
/git/contrib/main/desktop/lxqt/lxqt-about/pspec.xml
/git/contrib/main/desktop/lxqt/lxqt-admin/pspec.xml
/git/contrib/main/desktop/lxqt/lxqt-common/pspec.xml
/git/contrib/main/desktop/lxqt/lxqt-config/pspec.xml
/git/contrib/main/desktop/lxqt/lxqt-globalkeys/pspec.xml
/git/contrib/main/desktop/lxqt/lxqt-notificationd/pspec.xml
/git/contrib/main/desktop/lxqt/lxqt-openssh-askpass/pspec.xml
/git/contrib/main/desktop/lxqt/lxqt-policykit/pspec.xml
/git/contrib/main/desktop/lxqt/lxqt-powermanagement/pspec.xml
/git/contrib/main/desktop/lxqt/lxqt-qtplugin/pspec.xml
/git/contrib/main/desktop/lxqt/lxqt-session/pspec.xml
/git/contrib/main/desktop/lxqt/lxqt-sudo/pspec.xml
/git/contrib/main/desktop/lxqt/pavucontrol-qt/pspec.xml
/git/contrib/main/desktop/lxqt/libstatgrab/pspec.xml
/git/contrib/main/desktop/lxqt/lxqt-panel/pspec.xml
/git/contrib/main/desktop/lxqt/lxqt-runner/pspec.xml
/git/contrib/main/desktop/lxqt/pcmanfm-qt/pspec.xml
/git/contrib/main/desktop/lxqt/qterminal/pspec.xml
/git/contrib/main/desktop/lxqt/compton-conf/pspec.xml
/git/contrib/main/desktop/lxqt/obconf-qt/pspec.xml
/git/contrib/main/desktop/lxqt/lximage-qt/pspec.xml
/git/contrib/main/desktop/lxqt/qlipper/pspec.xmll
/git/contrib/main/desktop/lxqt/lxmenu-data/pspec.xml
/git/contrib/main/desktop/lxqt/lxqt-appearance/pspec.xml
/git/contrib/main/desktop/lxqt/lxqt-l10n/pspec.xml
/git/contrib/main/desktop/lxqt/lxqt-wallet/pspec.xml


#/git/contrib/main/desktop/lxqt/pisilinux-default-settings-lxqt/pspec.xml
#/git/contrib/main/desktop/lxqt/qps/pspec.xml
